Performing C SOURCE FILE Test MULTIPASS_TEST_1_petsc_works_minimal failed with the following compile output:
Change Dir: /home/deborah/Desktop/cppCodes/PhaseField/02PhaseFieldCpp/build/CMakeFiles/CMakeTmp

Run Build Command(s):/usr/bin/gmake -f Makefile cmTC_cb07a/fast && /usr/bin/gmake  -f CMakeFiles/cmTC_cb07a.dir/build.make CMakeFiles/cmTC_cb07a.dir/build
gmake[1]: Entering directory '/home/deborah/Desktop/cppCodes/PhaseField/02PhaseFieldCpp/build/CMakeFiles/CMakeTmp'
Building C object CMakeFiles/cmTC_cb07a.dir/src.c.o
/usr/bin/gcc -DMULTIPASS_TEST_1_petsc_works_minimal -I/home/deborah/petsc/arch-linux2-c-debug/include -I/home/deborah/petsc/include  -o CMakeFiles/cmTC_cb07a.dir/src.c.o -c /home/deborah/Desktop/cppCodes/PhaseField/02PhaseFieldCpp/build/CMakeFiles/CMakeTmp/src.c
In file included from /home/deborah/petsc/include/petscvec.h:8,
                 from /home/deborah/petsc/include/petscmat.h:6,
                 from /home/deborah/petsc/include/petscpc.h:6,
                 from /home/deborah/petsc/include/petscksp.h:6,
                 from /home/deborah/petsc/include/petscsnes.h:6,
                 from /home/deborah/petsc/include/petscts.h:7,
                 from /home/deborah/Desktop/cppCodes/PhaseField/02PhaseFieldCpp/build/CMakeFiles/CMakeTmp/src.c:3:
/home/deborah/petsc/include/petscsys.h:65:12: fatal error: mpi.h: No such file or directory
   65 |   #include <mpi.h>
      |            ^~~~~~~
compilation terminated.
gmake[1]: *** [CMakeFiles/cmTC_cb07a.dir/build.make:78: CMakeFiles/cmTC_cb07a.dir/src.c.o] Error 1
gmake[1]: Leaving directory '/home/deborah/Desktop/cppCodes/PhaseField/02PhaseFieldCpp/build/CMakeFiles/CMakeTmp'
gmake: *** [Makefile:127: cmTC_cb07a/fast] Error 2


...and run output:

Return value: 1
Source file was:

static const char help[] = "PETSc test program.";
#include <petscts.h>
int main(int argc,char *argv[]) {
  PetscErrorCode ierr;
  TS ts;
  ierr = PetscInitialize(&argc,&argv,0,help);CHKERRQ(ierr);
  ierr = TSCreate(PETSC_COMM_WORLD,&ts);CHKERRQ(ierr);
  ierr = TSSetFromOptions(ts);CHKERRQ(ierr);
  ierr = TSDestroy(&ts);CHKERRQ(ierr);
  ierr = PetscFinalize();CHKERRQ(ierr);
  return 0;
}

